10:28:03 **** Build of configuration Debug for project CoVAPSy_DemoSimple_STM32 ****
make -j16 all 
arm-none-eabi-gcc "../Drivers/STM32G4xx_HAL_Driver/Src/stm32g4xx_hal.c" -mcpu=cortex-m4 -std=gnu11 -g3 -DDEBUG -DUSE_HAL_DRIVER -DSTM32G431xx -c -I../Core/Inc -I../Drivers/STM32G4xx_HAL_Driver/Inc -I../Drivers/STM32G4xx_HAL_Driver/Inc/Legacy -I../Drivers/CMSIS/Device/ST/STM32G4xx/Include -I../Drivers/CMSIS/Include -I../Drivers/u8glib -O0 -ffunction-sections -fdata-sections -Wall -fstack-usage -fcyclomatic-complexity -MMD -MP -MF"Drivers/STM32G4xx_HAL_Driver/Src/stm32g4xx_hal.d" -MT"Drivers/STM32G4xx_HAL_Driver/Src/stm32g4xx_hal.o" --specs=nano.specs -mfpu=fpv4-sp-d16 -mfloat-abi=hard -mthumb -o "Drivers/STM32G4xx_HAL_Driver/Src/stm32g4xx_hal.o"
arm-none-eabi-gcc "../Drivers/STM32G4xx_HAL_Driver/Src/stm32g4xx_hal_cortex.c" -mcpu=cortex-m4 -std=gnu11 -g3 -DDEBUG -DUSE_HAL_DRIVER -DSTM32G431xx -c -I../Core/Inc -I../Drivers/STM32G4xx_HAL_Driver/Inc -I../Drivers/STM32G4xx_HAL_Driver/Inc/Legacy -I../Drivers/CMSIS/Device/ST/STM32G4xx/Include -I../Drivers/CMSIS/Include -I../Drivers/u8glib -O0 -ffunction-sections -fdata-sections -Wall -fstack-usage -fcyclomatic-complexity -MMD -MP -MF"Drivers/STM32G4xx_HAL_Driver/Src/stm32g4xx_hal_cortex.d" -MT"Drivers/STM32G4xx_HAL_Driver/Src/stm32g4xx_hal_cortex.o" --specs=nano.specs -mfpu=fpv4-sp-d16 -mfloat-abi=hard -mthumb -o "Drivers/STM32G4xx_HAL_Driver/Src/stm32g4xx_hal_cortex.o"
arm-none-eabi-gcc "../Drivers/STM32G4xx_HAL_Driver/Src/stm32g4xx_hal_dma.c" -mcpu=cortex-m4 -std=gnu11 -g3 -DDEBUG -DUSE_HAL_DRIVER -DSTM32G431xx -c -I../Core/Inc -I../Drivers/STM32G4xx_HAL_Driver/Inc -I../Drivers/STM32G4xx_HAL_Driver/Inc/Legacy -I../Drivers/CMSIS/Device/ST/STM32G4xx/Include -I../Drivers/CMSIS/Include -I../Drivers/u8glib -O0 -ffunction-sections -fdata-sections -Wall -fstack-usage -fcyclomatic-complexity -MMD -MP -MF"Drivers/STM32G4xx_HAL_Driver/Src/stm32g4xx_hal_dma.d" -MT"Drivers/STM32G4xx_HAL_Driver/Src/stm32g4xx_hal_dma.o" --specs=nano.specs -mfpu=fpv4-sp-d16 -mfloat-abi=hard -mthumb -o "Drivers/STM32G4xx_HAL_Driver/Src/stm32g4xx_hal_dma.o"
arm-none-eabi-gcc "../Drivers/STM32G4xx_HAL_Driver/Src/stm32g4xx_hal_dma_ex.c" -mcpu=cortex-m4 -std=gnu11 -g3 -DDEBUG -DUSE_HAL_DRIVER -DSTM32G431xx -c -I../Core/Inc -I../Drivers/STM32G4xx_HAL_Driver/Inc -I../Drivers/STM32G4xx_HAL_Driver/Inc/Legacy -I../Drivers/CMSIS/Device/ST/STM32G4xx/Include -I../Drivers/CMSIS/Include -I../Drivers/u8glib -O0 -ffunction-sections -fdata-sections -Wall -fstack-usage -fcyclomatic-complexity -MMD -MP -MF"Drivers/STM32G4xx_HAL_Driver/Src/stm32g4xx_hal_dma_ex.d" -MT"Drivers/STM32G4xx_HAL_Driver/Src/stm32g4xx_hal_dma_ex.o" --specs=nano.specs -mfpu=fpv4-sp-d16 -mfloat-abi=hard -mthumb -o "Drivers/STM32G4xx_HAL_Driver/Src/stm32g4xx_hal_dma_ex.o"
arm-none-eabi-gcc "../Drivers/STM32G4xx_HAL_Driver/Src/stm32g4xx_hal_exti.c" -mcpu=cortex-m4 -std=gnu11 -g3 -DDEBUG -DUSE_HAL_DRIVER -DSTM32G431xx -c -I../Core/Inc -I../Drivers/STM32G4xx_HAL_Driver/Inc -I../Drivers/STM32G4xx_HAL_Driver/Inc/Legacy -I../Drivers/CMSIS/Device/ST/STM32G4xx/Include -I../Drivers/CMSIS/Include -I../Drivers/u8glib -O0 -ffunction-sections -fdata-sections -Wall -fstack-usage -fcyclomatic-complexity -MMD -MP -MF"Drivers/STM32G4xx_HAL_Driver/Src/stm32g4xx_hal_exti.d" -MT"Drivers/STM32G4xx_HAL_Driver/Src/stm32g4xx_hal_exti.o" --specs=nano.specs -mfpu=fpv4-sp-d16 -mfloat-abi=hard -mthumb -o "Drivers/STM32G4xx_HAL_Driver/Src/stm32g4xx_hal_exti.o"
arm-none-eabi-gcc "../Drivers/STM32G4xx_HAL_Driver/Src/stm32g4xx_hal_flash.c" -mcpu=cortex-m4 -std=gnu11 -g3 -DDEBUG -DUSE_HAL_DRIVER -DSTM32G431xx -c -I../Core/Inc -I../Drivers/STM32G4xx_HAL_Driver/Inc -I../Drivers/STM32G4xx_HAL_Driver/Inc/Legacy -I../Drivers/CMSIS/Device/ST/STM32G4xx/Include -I../Drivers/CMSIS/Include -I../Drivers/u8glib -O0 -ffunction-sections -fdata-sections -Wall -fstack-usage -fcyclomatic-complexity -MMD -MP -MF"Drivers/STM32G4xx_HAL_Driver/Src/stm32g4xx_hal_flash.d" -MT"Drivers/STM32G4xx_HAL_Driver/Src/stm32g4xx_hal_flash.o" --specs=nano.specs -mfpu=fpv4-sp-d16 -mfloat-abi=hard -mthumb -o "Drivers/STM32G4xx_HAL_Driver/Src/stm32g4xx_hal_flash.o"
arm-none-eabi-gcc "../Drivers/STM32G4xx_HAL_Driver/Src/stm32g4xx_hal_flash_ex.c" -mcpu=cortex-m4 -std=gnu11 -g3 -DDEBUG -DUSE_HAL_DRIVER -DSTM32G431xx -c -I../Core/Inc -I../Drivers/STM32G4xx_HAL_Driver/Inc -I../Drivers/STM32G4xx_HAL_Driver/Inc/Legacy -I../Drivers/CMSIS/Device/ST/STM32G4xx/Include -I../Drivers/CMSIS/Include -I../Drivers/u8glib -O0 -ffunction-sections -fdata-sections -Wall -fstack-usage -fcyclomatic-complexity -MMD -MP -MF"Drivers/STM32G4xx_HAL_Driver/Src/stm32g4xx_hal_flash_ex.d" -MT"Drivers/STM32G4xx_HAL_Driver/Src/stm32g4xx_hal_flash_ex.o" --specs=nano.specs -mfpu=fpv4-sp-d16 -mfloat-abi=hard -mthumb -o "Drivers/STM32G4xx_HAL_Driver/Src/stm32g4xx_hal_flash_ex.o"
arm-none-eabi-gcc "../Drivers/STM32G4xx_HAL_Driver/Src/stm32g4xx_hal_gpio.c" -mcpu=cortex-m4 -std=gnu11 -g3 -DDEBUG -DUSE_HAL_DRIVER -DSTM32G431xx -c -I../Core/Inc -I../Drivers/STM32G4xx_HAL_Driver/Inc -I../Drivers/STM32G4xx_HAL_Driver/Inc/Legacy -I../Drivers/CMSIS/Device/ST/STM32G4xx/Include -I../Drivers/CMSIS/Include -I../Drivers/u8glib -O0 -ffunction-sections -fdata-sections -Wall -fstack-usage -fcyclomatic-complexity -MMD -MP -MF"Drivers/STM32G4xx_HAL_Driver/Src/stm32g4xx_hal_gpio.d" -MT"Drivers/STM32G4xx_HAL_Driver/Src/stm32g4xx_hal_gpio.o" --specs=nano.specs -mfpu=fpv4-sp-d16 -mfloat-abi=hard -mthumb -o "Drivers/STM32G4xx_HAL_Driver/Src/stm32g4xx_hal_gpio.o"
arm-none-eabi-gcc "../Drivers/STM32G4xx_HAL_Driver/Src/stm32g4xx_hal_pwr.c" -mcpu=cortex-m4 -std=gnu11 -g3 -DDEBUG -DUSE_HAL_DRIVER -DSTM32G431xx -c -I../Core/Inc -I../Drivers/STM32G4xx_HAL_Driver/Inc -I../Drivers/STM32G4xx_HAL_Driver/Inc/Legacy -I../Drivers/CMSIS/Device/ST/STM32G4xx/Include -I../Drivers/CMSIS/Include -I../Drivers/u8glib -O0 -ffunction-sections -fdata-sections -Wall -fstack-usage -fcyclomatic-complexity -MMD -MP -MF"Drivers/STM32G4xx_HAL_Driver/Src/stm32g4xx_hal_pwr.d" -MT"Drivers/STM32G4xx_HAL_Driver/Src/stm32g4xx_hal_pwr.o" --specs=nano.specs -mfpu=fpv4-sp-d16 -mfloat-abi=hard -mthumb -o "Drivers/STM32G4xx_HAL_Driver/Src/stm32g4xx_hal_pwr.o"
arm-none-eabi-gcc "../Drivers/STM32G4xx_HAL_Driver/Src/stm32g4xx_hal_pwr_ex.c" -mcpu=cortex-m4 -std=gnu11 -g3 -DDEBUG -DUSE_HAL_DRIVER -DSTM32G431xx -c -I../Core/Inc -I../Drivers/STM32G4xx_HAL_Driver/Inc -I../Drivers/STM32G4xx_HAL_Driver/Inc/Legacy -I../Drivers/CMSIS/Device/ST/STM32G4xx/Include -I../Drivers/CMSIS/Include -I../Drivers/u8glib -O0 -ffunction-sections -fdata-sections -Wall -fstack-usage -fcyclomatic-complexity -MMD -MP -MF"Drivers/STM32G4xx_HAL_Driver/Src/stm32g4xx_hal_pwr_ex.d" -MT"Drivers/STM32G4xx_HAL_Driver/Src/stm32g4xx_hal_pwr_ex.o" --specs=nano.specs -mfpu=fpv4-sp-d16 -mfloat-abi=hard -mthumb -o "Drivers/STM32G4xx_HAL_Driver/Src/stm32g4xx_hal_pwr_ex.o"
arm-none-eabi-gcc "../Drivers/STM32G4xx_HAL_Driver/Src/stm32g4xx_hal_rcc.c" -mcpu=cortex-m4 -std=gnu11 -g3 -DDEBUG -DUSE_HAL_DRIVER -DSTM32G431xx -c -I../Core/Inc -I../Drivers/STM32G4xx_HAL_Driver/Inc -I../Drivers/STM32G4xx_HAL_Driver/Inc/Legacy -I../Drivers/CMSIS/Device/ST/STM32G4xx/Include -I../Drivers/CMSIS/Include -I../Drivers/u8glib -O0 -ffunction-sections -fdata-sections -Wall -fstack-usage -fcyclomatic-complexity -MMD -MP -MF"Drivers/STM32G4xx_HAL_Driver/Src/stm32g4xx_hal_rcc.d" -MT"Drivers/STM32G4xx_HAL_Driver/Src/stm32g4xx_hal_rcc.o" --specs=nano.specs -mfpu=fpv4-sp-d16 -mfloat-abi=hard -mthumb -o "Drivers/STM32G4xx_HAL_Driver/Src/stm32g4xx_hal_rcc.o"
arm-none-eabi-gcc "../Drivers/STM32G4xx_HAL_Driver/Src/stm32g4xx_hal_rcc_ex.c" -mcpu=cortex-m4 -std=gnu11 -g3 -DDEBUG -DUSE_HAL_DRIVER -DSTM32G431xx -c -I../Core/Inc -I../Drivers/STM32G4xx_HAL_Driver/Inc -I../Drivers/STM32G4xx_HAL_Driver/Inc/Legacy -I../Drivers/CMSIS/Device/ST/STM32G4xx/Include -I../Drivers/CMSIS/Include -I../Drivers/u8glib -O0 -ffunction-sections -fdata-sections -Wall -fstack-usage -fcyclomatic-complexity -MMD -MP -MF"Drivers/STM32G4xx_HAL_Driver/Src/stm32g4xx_hal_rcc_ex.d" -MT"Drivers/STM32G4xx_HAL_Driver/Src/stm32g4xx_hal_rcc_ex.o" --specs=nano.specs -mfpu=fpv4-sp-d16 -mfloat-abi=hard -mthumb -o "Drivers/STM32G4xx_HAL_Driver/Src/stm32g4xx_hal_rcc_ex.o"
arm-none-eabi-gcc "../Drivers/STM32G4xx_HAL_Driver/Src/stm32g4xx_hal_tim.c" -mcpu=cortex-m4 -std=gnu11 -g3 -DDEBUG -DUSE_HAL_DRIVER -DSTM32G431xx -c -I../Core/Inc -I../Drivers/STM32G4xx_HAL_Driver/Inc -I../Drivers/STM32G4xx_HAL_Driver/Inc/Legacy -I../Drivers/CMSIS/Device/ST/STM32G4xx/Include -I../Drivers/CMSIS/Include -I../Drivers/u8glib -O0 -ffunction-sections -fdata-sections -Wall -fstack-usage -fcyclomatic-complexity -MMD -MP -MF"Drivers/STM32G4xx_HAL_Driver/Src/stm32g4xx_hal_tim.d" -MT"Drivers/STM32G4xx_HAL_Driver/Src/stm32g4xx_hal_tim.o" --specs=nano.specs -mfpu=fpv4-sp-d16 -mfloat-abi=hard -mthumb -o "Drivers/STM32G4xx_HAL_Driver/Src/stm32g4xx_hal_tim.o"
arm-none-eabi-gcc "../Drivers/STM32G4xx_HAL_Driver/Src/stm32g4xx_hal_tim_ex.c" -mcpu=cortex-m4 -std=gnu11 -g3 -DDEBUG -DUSE_HAL_DRIVER -DSTM32G431xx -c -I../Core/Inc -I../Drivers/STM32G4xx_HAL_Driver/Inc -I../Drivers/STM32G4xx_HAL_Driver/Inc/Legacy -I../Drivers/CMSIS/Device/ST/STM32G4xx/Include -I../Drivers/CMSIS/Include -I../Drivers/u8glib -O0 -ffunction-sections -fdata-sections -Wall -fstack-usage -fcyclomatic-complexity -MMD -MP -MF"Drivers/STM32G4xx_HAL_Driver/Src/stm32g4xx_hal_tim_ex.d" -MT"Drivers/STM32G4xx_HAL_Driver/Src/stm32g4xx_hal_tim_ex.o" --specs=nano.specs -mfpu=fpv4-sp-d16 -mfloat-abi=hard -mthumb -o "Drivers/STM32G4xx_HAL_Driver/Src/stm32g4xx_hal_tim_ex.o"
arm-none-eabi-gcc "../Drivers/STM32G4xx_HAL_Driver/Src/stm32g4xx_hal_uart.c" -mcpu=cortex-m4 -std=gnu11 -g3 -DDEBUG -DUSE_HAL_DRIVER -DSTM32G431xx -c -I../Core/Inc -I../Drivers/STM32G4xx_HAL_Driver/Inc -I../Drivers/STM32G4xx_HAL_Driver/Inc/Legacy -I../Drivers/CMSIS/Device/ST/STM32G4xx/Include -I../Drivers/CMSIS/Include -I../Drivers/u8glib -O0 -ffunction-sections -fdata-sections -Wall -fstack-usage -fcyclomatic-complexity -MMD -MP -MF"Drivers/STM32G4xx_HAL_Driver/Src/stm32g4xx_hal_uart.d" -MT"Drivers/STM32G4xx_HAL_Driver/Src/stm32g4xx_hal_uart.o" --specs=nano.specs -mfpu=fpv4-sp-d16 -mfloat-abi=hard -mthumb -o "Drivers/STM32G4xx_HAL_Driver/Src/stm32g4xx_hal_uart.o"
arm-none-eabi-gcc "../Drivers/STM32G4xx_HAL_Driver/Src/stm32g4xx_hal_uart_ex.c" -mcpu=cortex-m4 -std=gnu11 -g3 -DDEBUG -DUSE_HAL_DRIVER -DSTM32G431xx -c -I../Core/Inc -I../Drivers/STM32G4xx_HAL_Driver/Inc -I../Drivers/STM32G4xx_HAL_Driver/Inc/Legacy -I../Drivers/CMSIS/Device/ST/STM32G4xx/Include -I../Drivers/CMSIS/Include -I../Drivers/u8glib -O0 -ffunction-sections -fdata-sections -Wall -fstack-usage -fcyclomatic-complexity -MMD -MP -MF"Drivers/STM32G4xx_HAL_Driver/Src/stm32g4xx_hal_uart_ex.d" -MT"Drivers/STM32G4xx_HAL_Driver/Src/stm32g4xx_hal_uart_ex.o" --specs=nano.specs -mfpu=fpv4-sp-d16 -mfloat-abi=hard -mthumb -o "Drivers/STM32G4xx_HAL_Driver/Src/stm32g4xx_hal_uart_ex.o"
In file included from ../Core/Inc/stm32g4xx_hal_conf.h:260,
                 from ../Drivers/STM32G4xx_HAL_Driver/Inc/stm32g4xx_hal.h:29,
                 from ../Drivers/STM32G4xx_HAL_Driver/Src/stm32g4xx_hal_dma_ex.c:43:
../Drivers/STM32G4xx_HAL_Driver/Inc/stm32g4xx_hal_flash.h:800:10: fatal error: stm32g4xx_hal_flash_ramfunc.h: No such file or directory
  800 | #include "stm32g4xx_hal_flash_ramfunc.h"
      |          ^~~~~~~~~~~~~~~~~~~~~~~~~~~~~~~
compilation terminated.
In file included from ../Core/Inc/stm32g4xx_hal_conf.h:260,
                 from ../Drivers/STM32G4xx_HAL_Driver/Inc/stm32g4xx_hal.h:29,
                 from ../Drivers/STM32G4xx_HAL_Driver/Src/stm32g4xx_hal.c:35:
../Drivers/STM32G4xx_HAL_Driver/Inc/stm32g4xx_hal_flash.h:800:10: fatal error: stm32g4xx_hal_flash_ramfunc.h: No such file or directory
  800 | #include "stm32g4xx_hal_flash_ramfunc.h"
      |          ^~~~~~~~~~~~~~~~~~~~~~~~~~~~~~~
compilation terminated.
In file included from ../Core/Inc/stm32g4xx_hal_conf.h:260,
                 from ../Drivers/STM32G4xx_HAL_Driver/Inc/stm32g4xx_hal.h:29,
                 from ../Drivers/STM32G4xx_HAL_Driver/Src/stm32g4xx_hal_gpio.c:106:
../Drivers/STM32G4xx_HAL_Driver/Inc/stm32g4xx_hal_flash.h:800:10: fatal error: stm32g4xx_hal_flash_ramfunc.h: No such file or directory
  800 | #include "stm32g4xx_hal_flash_ramfunc.h"
      |          ^~~~~~~~~~~~~~~~~~~~~~~~~~~~~~~
compilation terminated.
In file included from ../Core/Inc/stm32g4xx_hal_conf.h:260,
                 from ../Drivers/STM32G4xx_HAL_Driver/Inc/stm32g4xx_hal.h:29,
                 from ../Drivers/STM32G4xx_HAL_Driver/Src/stm32g4xx_hal_dma.c:90:
../Drivers/STM32G4xx_HAL_Driver/Inc/stm32g4xx_hal_flash.h:800:10: fatal error: stm32g4xx_hal_flash_ramfunc.h: No such file or directory
  800 | #include "stm32g4xx_hal_flash_ramfunc.h"
      |          ^~~~~~~~~~~~~~~~~~~~~~~~~~~~~~~
compilation terminated.
In file included from ../Core/Inc/stm32g4xx_hal_conf.h:260,
                 from ../Drivers/STM32G4xx_HAL_Driver/Inc/stm32g4xx_hal.h:29,
                 from ../Drivers/STM32G4xx_HAL_Driver/Src/stm32g4xx_hal_flash.c:88:
../Drivers/STM32G4xx_HAL_Driver/Inc/stm32g4xx_hal_flash.h:800:10: fatal error: stm32g4xx_hal_flash_ramfunc.h: No such file or directory
  800 | #include "stm32g4xx_hal_flash_ramfunc.h"
      |          ^~~~~~~~~~~~~~~~~~~~~~~~~~~~~~~
compilation terminated.
In file included from ../Core/Inc/stm32g4xx_hal_conf.h:260,
                 from ../Drivers/STM32G4xx_HAL_Driver/Inc/stm32g4xx_hal.h:29,
                 from ../Drivers/STM32G4xx_HAL_Driver/Src/stm32g4xx_hal_flash_ex.c:71:
../Drivers/STM32G4xx_HAL_Driver/Inc/stm32g4xx_hal_flash.h:800:10: fatal error: stm32g4xx_hal_flash_ramfunc.h: No such file or directory
  800 | #include "stm32g4xx_hal_flash_ramfunc.h"
      |          ^~~~~~~~~~~~~~~~~~~~~~~~~~~~~~~
compilation terminated.
In file included from ../Core/Inc/stm32g4xx_hal_conf.h:260,
                 from ../Drivers/STM32G4xx_HAL_Driver/Inc/stm32g4xx_hal.h:29,
                 from ../Drivers/STM32G4xx_HAL_Driver/Src/stm32g4xx_hal_cortex.c:104:
../Drivers/STM32G4xx_HAL_Driver/Inc/stm32g4xx_hal_flash.h:800:10: fatal error: stm32g4xx_hal_flash_ramfunc.h: No such file or directory
  800 | #include "stm32g4xx_hal_flash_ramfunc.h"
      |          ^~~~~~~~~~~~~~~~~~~~~~~~~~~~~~~
compilation terminated.
In file included from ../Core/Inc/stm32g4xx_hal_conf.h:260,
                 from ../Drivers/STM32G4xx_HAL_Driver/Inc/stm32g4xx_hal.h:29,
                 from ../Drivers/STM32G4xx_HAL_Driver/Src/stm32g4xx_hal_exti.c:87:
../Drivers/STM32G4xx_HAL_Driver/Inc/stm32g4xx_hal_flash.h:800:10: fatal error: stm32g4xx_hal_flash_ramfunc.h: No such file or directory
  800 | #include "stm32g4xx_hal_flash_ramfunc.h"
      |          ^~~~~~~~~~~~~~~~~~~~~~~~~~~~~~~
compilation terminated.
make: *** [Drivers/STM32G4xx_HAL_Driver/Src/subdir.mk:64: Drivers/STM32G4xx_HAL_Driver/Src/stm32g4xx_hal.o] Error 1
make: *** Waiting for unfinished jobs....
make: *** [Drivers/STM32G4xx_HAL_Driver/Src/subdir.mk:64: Drivers/STM32G4xx_HAL_Driver/Src/stm32g4xx_hal_dma.o] Error 1
make: *** [Drivers/STM32G4xx_HAL_Driver/Src/subdir.mk:64: Drivers/STM32G4xx_HAL_Driver/Src/stm32g4xx_hal_gpio.o] Error 1
make: *** [Drivers/STM32G4xx_HAL_Driver/Src/subdir.mk:64: Drivers/STM32G4xx_HAL_Driver/Src/stm32g4xx_hal_cortex.o] Error 1
make: *** [Drivers/STM32G4xx_HAL_Driver/Src/subdir.mk:64: Drivers/STM32G4xx_HAL_Driver/Src/stm32g4xx_hal_dma_ex.o] Error 1
make: *** [Drivers/STM32G4xx_HAL_Driver/Src/subdir.mk:64: Drivers/STM32G4xx_HAL_Driver/Src/stm32g4xx_hal_flash.o] Error 1
make: *** [Drivers/STM32G4xx_HAL_Driver/Src/subdir.mk:64: Drivers/STM32G4xx_HAL_Driver/Src/stm32g4xx_hal_flash_ex.o] Error 1
make: *** [Drivers/STM32G4xx_HAL_Driver/Src/subdir.mk:64: Drivers/STM32G4xx_HAL_Driver/Src/stm32g4xx_hal_exti.o] Error 1
In file included from ../Core/Inc/stm32g4xx_hal_conf.h:260,
                 from ../Drivers/STM32G4xx_HAL_Driver/Inc/stm32g4xx_hal.h:29,
                 from ../Drivers/STM32G4xx_HAL_Driver/Src/stm32g4xx_hal_rcc.c:52:
../Drivers/STM32G4xx_HAL_Driver/Inc/stm32g4xx_hal_flash.h:800:10: fatal error: stm32g4xx_hal_flash_ramfunc.h: No such file or directory
  800 | #include "stm32g4xx_hal_flash_ramfunc.h"
      |          ^~~~~~~~~~~~~~~~~~~~~~~~~~~~~~~
compilation terminated.
In file included from ../Core/Inc/stm32g4xx_hal_conf.h:260,
                 from ../Drivers/STM32G4xx_HAL_Driver/Inc/stm32g4xx_hal.h:29,
                 from ../Drivers/STM32G4xx_HAL_Driver/Src/stm32g4xx_hal_pwr.c:25:
../Drivers/STM32G4xx_HAL_Driver/Inc/stm32g4xx_hal_flash.h:800:10: fatal error: stm32g4xx_hal_flash_ramfunc.h: No such file or directory
  800 | #include "stm32g4xx_hal_flash_ramfunc.h"
      |          ^~~~~~~~~~~~~~~~~~~~~~~~~~~~~~~
compilation terminated.
In file included from ../Core/Inc/stm32g4xx_hal_conf.h:260,
                 from ../Drivers/STM32G4xx_HAL_Driver/Inc/stm32g4xx_hal.h:29,
                 from ../Drivers/STM32G4xx_HAL_Driver/Src/stm32g4xx_hal_pwr_ex.c:25:
../Drivers/STM32G4xx_HAL_Driver/Inc/stm32g4xx_hal_flash.h:800:10: fatal error: stm32g4xx_hal_flash_ramfunc.h: No such file or directory
  800 | #include "stm32g4xx_hal_flash_ramfunc.h"
      |          ^~~~~~~~~~~~~~~~~~~~~~~~~~~~~~~
compilation terminated.
In file included from ../Core/Inc/stm32g4xx_hal_conf.h:260,
                 from ../Drivers/STM32G4xx_HAL_Driver/Inc/stm32g4xx_hal.h:29,
                 from ../Drivers/STM32G4xx_HAL_Driver/Src/stm32g4xx_hal_rcc_ex.c:25:
../Drivers/STM32G4xx_HAL_Driver/Inc/stm32g4xx_hal_flash.h:800:10: fatal error: stm32g4xx_hal_flash_ramfunc.h: No such file or directory
  800 | #include "stm32g4xx_hal_flash_ramfunc.h"
      |          ^~~~~~~~~~~~~~~~~~~~~~~~~~~~~~~
compilation terminated.
make: *** [Drivers/STM32G4xx_HAL_Driver/Src/subdir.mk:64: Drivers/STM32G4xx_HAL_Driver/Src/stm32g4xx_hal_rcc.o] Error 1
make: *** [Drivers/STM32G4xx_HAL_Driver/Src/subdir.mk:64: Drivers/STM32G4xx_HAL_Driver/Src/stm32g4xx_hal_pwr_ex.o] Error 1
make: *** [Drivers/STM32G4xx_HAL_Driver/Src/subdir.mk:64: Drivers/STM32G4xx_HAL_Driver/Src/stm32g4xx_hal_pwr.o] Error 1
In file included from ../Core/Inc/stm32g4xx_hal_conf.h:260,
                 from ../Drivers/STM32G4xx_HAL_Driver/Inc/stm32g4xx_hal.h:29,
                 from ../Drivers/STM32G4xx_HAL_Driver/Src/stm32g4xx_hal_tim_ex.c:89:
../Drivers/STM32G4xx_HAL_Driver/Inc/stm32g4xx_hal_flash.h:800:10: fatal error: stm32g4xx_hal_flash_ramfunc.h: No such file or directory
  800 | #include "stm32g4xx_hal_flash_ramfunc.h"
      |          ^~~~~~~~~~~~~~~~~~~~~~~~~~~~~~~
compilation terminated.
In file included from ../Core/Inc/stm32g4xx_hal_conf.h:260,
                 from ../Drivers/STM32G4xx_HAL_Driver/Inc/stm32g4xx_hal.h:29,
                 from ../Drivers/STM32G4xx_HAL_Driver/Src/stm32g4xx_hal_tim.c:191:
../Drivers/STM32G4xx_HAL_Driver/Inc/stm32g4xx_hal_flash.h:800:10: fatal error: stm32g4xx_hal_flash_ramfunc.h: No such file or directory
  800 | #include "stm32g4xx_hal_flash_ramfunc.h"
      |          ^~~~~~~~~~~~~~~~~~~~~~~~~~~~~~~
compilation terminated.
make: *** [Drivers/STM32G4xx_HAL_Driver/Src/subdir.mk:64: Drivers/STM32G4xx_HAL_Driver/Src/stm32g4xx_hal_rcc_ex.o] Error 1
In file included from ../Core/Inc/stm32g4xx_hal_conf.h:260,
                 from ../Drivers/STM32G4xx_HAL_Driver/Inc/stm32g4xx_hal.h:29,
                 from ../Drivers/STM32G4xx_HAL_Driver/Src/stm32g4xx_hal_uart.c:162:
../Drivers/STM32G4xx_HAL_Driver/Inc/stm32g4xx_hal_flash.h:800:10: fatal error: stm32g4xx_hal_flash_ramfunc.h: No such file or directory
  800 | #include "stm32g4xx_hal_flash_ramfunc.h"
      |          ^~~~~~~~~~~~~~~~~~~~~~~~~~~~~~~
compilation terminated.
make: *** [Drivers/STM32G4xx_HAL_Driver/Src/subdir.mk:64: Drivers/STM32G4xx_HAL_Driver/Src/stm32g4xx_hal_tim.o] Error 1
In file included from ../Core/Inc/stm32g4xx_hal_conf.h:260,
                 from ../Drivers/STM32G4xx_HAL_Driver/Inc/stm32g4xx_hal.h:29,
                 from ../Drivers/STM32G4xx_HAL_Driver/Src/stm32g4xx_hal_uart_ex.c:44:
../Drivers/STM32G4xx_HAL_Driver/Inc/stm32g4xx_hal_flash.h:800:10: fatal error: stm32g4xx_hal_flash_ramfunc.h: No such file or directory
  800 | #include "stm32g4xx_hal_flash_ramfunc.h"
      |          ^~~~~~~~~~~~~~~~~~~~~~~~~~~~~~~
make: *** [Drivers/STM32G4xx_HAL_Driver/Src/subdir.mk:64: Drivers/STM32G4xx_HAL_Driver/Src/stm32g4xx_hal_tim_ex.o] Error 1
compilation terminated.
make: *** [Drivers/STM32G4xx_HAL_Driver/Src/subdir.mk:64: Drivers/STM32G4xx_HAL_Driver/Src/stm32g4xx_hal_uart_ex.o] Error 1
make: *** [Drivers/STM32G4xx_HAL_Driver/Src/subdir.mk:64: Drivers/STM32G4xx_HAL_Driver/Src/stm32g4xx_hal_uart.o] Error 1
"make -j16 all" terminated with exit code 2. Build might be incomplete.

10:28:04 Build Failed. 33 errors, 0 warnings. (took 864ms)

